<?xml version="1.0" encoding="UTF-8"?>
<testng-results ignored="0" total="2" passed="2" failed="0" skipped="0">
  <reporter-output>
    <line>
      <![CDATA[python]]>
    </line>
    <line>
      <![CDATA[java]]>
    </line>
  </reporter-output>
  <suite started-at="2022-12-29T12:40:00 IST" name="Suite" finished-at="2022-12-29T12:40:00 IST" duration-ms="45">
    <groups>
    </groups>
    <test started-at="2022-12-29T12:40:00 IST" name="Test" finished-at="2022-12-29T12:40:00 IST" duration-ms="45">
      <class name="scripts.TestCase1">
        <test-method signature="test()[pri:0, instance:scripts.TestCase1@a9cd3b1]" started-at="2022-12-29T12:40:00 IST" name="test" finished-at="2022-12-29T12:40:00 IST" duration-ms="10" status="PASS">
          <reporter-output>
            <line>
              <![CDATA[python]]>
            </line>
          </reporter-output>
        </test-method> <!-- test -->
      </class> <!-- scripts.TestCase1 -->
      <class name="scripts.TestCase2">
        <test-method signature="test()[pri:0, instance:scripts.TestCase2@6a28ffa4]" started-at="2022-12-29T12:40:00 IST" name="test" finished-at="2022-12-29T12:40:00 IST" duration-ms="1" status="PASS">
          <reporter-output>
            <line>
              <![CDATA[java]]>
            </line>
          </reporter-output>
        </test-method> <!-- test -->
      </class> <!-- scripts.TestCase2 -->
    </test> <!-- Test -->
  </suite> <!-- Suite -->
</testng-results>
